  main.c
c:\users\yejic\documents\visual studio 2015\projects\cpts122\cpt122_pa\pa3 digital music manager part2\pa3 digital music manager part2\main.c(95): warning C4013: 'gets' undefined; assuming extern returning int
c:\users\yejic\documents\visual studio 2015\projects\cpts122\cpt122_pa\pa3 digital music manager part2\pa3 digital music manager part2\main.c(209): warning C4047: 'function': 'Node *' differs in levels of indirection from 'Node **'
c:\users\yejic\documents\visual studio 2015\projects\cpts122\cpt122_pa\pa3 digital music manager part2\pa3 digital music manager part2\main.c(209): warning C4024: 'shuffle': different types for formal and actual parameter 1
c:\users\yejic\documents\visual studio 2015\projects\cpts122\cpt122_pa\pa3 digital music manager part2\pa3 digital music manager part2\main.c(15): warning C4047: 'initializing': 'char' differs in levels of indirection from 'void *'
c:\users\yejic\documents\visual studio 2015\projects\cpts122\cpt122_pa\pa3 digital music manager part2\pa3 digital music manager part2\main.c(28): warning C4996: 'scanf': This function or variable may be unsafe. Consider using scanf_s instead. To disable deprecation, use _CRT_SECURE_NO_WARNINGS. See online help for details.
  c:\program files (x86)\windows kits\10\include\10.0.10240.0\ucrt\stdio.h(1270): note: see declaration of 'scanf'
c:\users\yejic\documents\visual studio 2015\projects\cpts122\cpt122_pa\pa3 digital music manager part2\pa3 digital music manager part2\main.c(40): warning C4996: 'fopen': This function or variable may be unsafe. Consider using fopen_s instead. To disable deprecation, use _CRT_SECURE_NO_WARNINGS. See online help for details.
  c:\program files (x86)\windows kits\10\include\10.0.10240.0\ucrt\stdio.h(205): note: see declaration of 'fopen'
c:\users\yejic\documents\visual studio 2015\projects\cpts122\cpt122_pa\pa3 digital music manager part2\pa3 digital music manager part2\main.c(63): warning C4996: 'fopen': This function or variable may be unsafe. Consider using fopen_s instead. To disable deprecation, use _CRT_SECURE_NO_WARNINGS. See online help for details.
  c:\program files (x86)\windows kits\10\include\10.0.10240.0\ucrt\stdio.h(205): note: see declaration of 'fopen'
c:\users\yejic\documents\visual studio 2015\projects\cpts122\cpt122_pa\pa3 digital music manager part2\pa3 digital music manager part2\main.c(78): warning C4996: 'scanf': This function or variable may be unsafe. Consider using scanf_s instead. To disable deprecation, use _CRT_SECURE_NO_WARNINGS. See online help for details.
  c:\program files (x86)\windows kits\10\include\10.0.10240.0\ucrt\stdio.h(1270): note: see declaration of 'scanf'
c:\users\yejic\documents\visual studio 2015\projects\cpts122\cpt122_pa\pa3 digital music manager part2\pa3 digital music manager part2\main.c(158): warning C4996: 'scanf': This function or variable may be unsafe. Consider using scanf_s instead. To disable deprecation, use _CRT_SECURE_NO_WARNINGS. See online help for details.
  c:\program files (x86)\windows kits\10\include\10.0.10240.0\ucrt\stdio.h(1270): note: see declaration of 'scanf'
c:\users\yejic\documents\visual studio 2015\projects\cpts122\cpt122_pa\pa3 digital music manager part2\pa3 digital music manager part2\main.c(191): warning C4996: 'scanf': This function or variable may be unsafe. Consider using scanf_s instead. To disable deprecation, use _CRT_SECURE_NO_WARNINGS. See online help for details.
  c:\program files (x86)\windows kits\10\include\10.0.10240.0\ucrt\stdio.h(1270): note: see declaration of 'scanf'
c:\users\yejic\documents\visual studio 2015\projects\cpts122\cpt122_pa\pa3 digital music manager part2\pa3 digital music manager part2\main.c(215): warning C4996: 'fopen': This function or variable may be unsafe. Consider using fopen_s instead. To disable deprecation, use _CRT_SECURE_NO_WARNINGS. See online help for details.
  c:\program files (x86)\windows kits\10\include\10.0.10240.0\ucrt\stdio.h(205): note: see declaration of 'fopen'
  PA3 Digital Music Manager Part2.vcxproj -> C:\Users\Yejic\Documents\Visual Studio 2015\Projects\CPTS122\CPT122_PA\PA3 Digital Music Manager Part2\Debug\PA3 Digital Music Manager Part2.exe
  PA3 Digital Music Manager Part2.vcxproj -> C:\Users\Yejic\Documents\Visual Studio 2015\Projects\CPTS122\CPT122_PA\PA3 Digital Music Manager Part2\Debug\PA3 Digital Music Manager Part2.pdb (Full PDB)
