  main.c
c:\users\yejic\documents\visual studio 2015\projects\cpts122\cpt122_pa\pa1 analyzing fitbit data\pa1 analyzing fitbit data\main.c(24): warning C4996: 'fopen': This function or variable may be unsafe. Consider using fopen_s instead. To disable deprecation, use _CRT_SECURE_NO_WARNINGS. See online help for details.
  c:\program files (x86)\windows kits\10\include\10.0.10240.0\ucrt\stdio.h(205): note: see declaration of 'fopen'
c:\users\yejic\documents\visual studio 2015\projects\cpts122\cpt122_pa\pa1 analyzing fitbit data\pa1 analyzing fitbit data\main.c(25): warning C4996: 'fopen': This function or variable may be unsafe. Consider using fopen_s instead. To disable deprecation, use _CRT_SECURE_NO_WARNINGS. See online help for details.
  c:\program files (x86)\windows kits\10\include\10.0.10240.0\ucrt\stdio.h(205): note: see declaration of 'fopen'
c:\users\yejic\documents\visual studio 2015\projects\cpts122\cpt122_pa\pa1 analyzing fitbit data\pa1 analyzing fitbit data\main.c(41): warning C4996: 'strcpy': This function or variable may be unsafe. Consider using strcpy_s instead. To disable deprecation, use _CRT_SECURE_NO_WARNINGS. See online help for details.
  c:\program files (x86)\windows kits\10\include\10.0.10240.0\ucrt\string.h(119): note: see declaration of 'strcpy'
  function.c
c:\users\yejic\documents\visual studio 2015\projects\cpts122\cpt122_pa\pa1 analyzing fitbit data\pa1 analyzing fitbit data\function.c(24): warning C4047: '=': 'unsigned int' differs in levels of indirection from 'void *'
c:\users\yejic\documents\visual studio 2015\projects\cpts122\cpt122_pa\pa1 analyzing fitbit data\pa1 analyzing fitbit data\function.c(15): warning C4047: 'initializing': 'int' differs in levels of indirection from 'void *'
c:\users\yejic\documents\visual studio 2015\projects\cpts122\cpt122_pa\pa1 analyzing fitbit data\pa1 analyzing fitbit data\function.c(20): warning C4996: 'strcpy': This function or variable may be unsafe. Consider using strcpy_s instead. To disable deprecation, use _CRT_SECURE_NO_WARNINGS. See online help for details.
  c:\program files (x86)\windows kits\10\include\10.0.10240.0\ucrt\string.h(119): note: see declaration of 'strcpy'
c:\users\yejic\documents\visual studio 2015\projects\cpts122\cpt122_pa\pa1 analyzing fitbit data\pa1 analyzing fitbit data\function.c(21): warning C4996: 'strtok': This function or variable may be unsafe. Consider using strtok_s instead. To disable deprecation, use _CRT_SECURE_NO_WARNINGS. See online help for details.
  c:\program files (x86)\windows kits\10\include\10.0.10240.0\ucrt\string.h(453): note: see declaration of 'strtok'
c:\users\yejic\documents\visual studio 2015\projects\cpts122\cpt122_pa\pa1 analyzing fitbit data\pa1 analyzing fitbit data\function.c(22): warning C4996: 'strtok': This function or variable may be unsafe. Consider using strtok_s instead. To disable deprecation, use _CRT_SECURE_NO_WARNINGS. See online help for details.
  c:\program files (x86)\windows kits\10\include\10.0.10240.0\ucrt\string.h(453): note: see declaration of 'strtok'
c:\users\yejic\documents\visual studio 2015\projects\cpts122\cpt122_pa\pa1 analyzing fitbit data\pa1 analyzing fitbit data\function.c(23): warning C4996: 'strtok': This function or variable may be unsafe. Consider using strtok_s instead. To disable deprecation, use _CRT_SECURE_NO_WARNINGS. See online help for details.
  c:\program files (x86)\windows kits\10\include\10.0.10240.0\ucrt\string.h(453): note: see declaration of 'strtok'
c:\users\yejic\documents\visual studio 2015\projects\cpts122\cpt122_pa\pa1 analyzing fitbit data\pa1 analyzing fitbit data\function.c(25): warning C4996: 'strtok': This function or variable may be unsafe. Consider using strtok_s instead. To disable deprecation, use _CRT_SECURE_NO_WARNINGS. See online help for details.
  c:\program files (x86)\windows kits\10\include\10.0.10240.0\ucrt\string.h(453): note: see declaration of 'strtok'
c:\users\yejic\documents\visual studio 2015\projects\cpts122\cpt122_pa\pa1 analyzing fitbit data\pa1 analyzing fitbit data\function.c(26): warning C4996: 'strtok': This function or variable may be unsafe. Consider using strtok_s instead. To disable deprecation, use _CRT_SECURE_NO_WARNINGS. See online help for details.
  c:\program files (x86)\windows kits\10\include\10.0.10240.0\ucrt\string.h(453): note: see declaration of 'strtok'
c:\users\yejic\documents\visual studio 2015\projects\cpts122\cpt122_pa\pa1 analyzing fitbit data\pa1 analyzing fitbit data\function.c(31): warning C4996: 'strcpy': This function or variable may be unsafe. Consider using strcpy_s instead. To disable deprecation, use _CRT_SECURE_NO_WARNINGS. See online help for details.
  c:\program files (x86)\windows kits\10\include\10.0.10240.0\ucrt\string.h(119): note: see declaration of 'strcpy'
c:\users\yejic\documents\visual studio 2015\projects\cpts122\cpt122_pa\pa1 analyzing fitbit data\pa1 analyzing fitbit data\function.c(32): warning C4996: 'strtok': This function or variable may be unsafe. Consider using strtok_s instead. To disable deprecation, use _CRT_SECURE_NO_WARNINGS. See online help for details.
  c:\program files (x86)\windows kits\10\include\10.0.10240.0\ucrt\string.h(453): note: see declaration of 'strtok'
c:\users\yejic\documents\visual studio 2015\projects\cpts122\cpt122_pa\pa1 analyzing fitbit data\pa1 analyzing fitbit data\function.c(33): warning C4996: 'strtok': This function or variable may be unsafe. Consider using strtok_s instead. To disable deprecation, use _CRT_SECURE_NO_WARNINGS. See online help for details.
  c:\program files (x86)\windows kits\10\include\10.0.10240.0\ucrt\string.h(453): note: see declaration of 'strtok'
c:\users\yejic\documents\visual studio 2015\projects\cpts122\cpt122_pa\pa1 analyzing fitbit data\pa1 analyzing fitbit data\function.c(34): warning C4996: 'strtok': This function or variable may be unsafe. Consider using strtok_s instead. To disable deprecation, use _CRT_SECURE_NO_WARNINGS. See online help for details.
  c:\program files (x86)\windows kits\10\include\10.0.10240.0\ucrt\string.h(453): note: see declaration of 'strtok'
c:\users\yejic\documents\visual studio 2015\projects\cpts122\cpt122_pa\pa1 analyzing fitbit data\pa1 analyzing fitbit data\function.c(35): warning C4996: 'strtok': This function or variable may be unsafe. Consider using strtok_s instead. To disable deprecation, use _CRT_SECURE_NO_WARNINGS. See online help for details.
  c:\program files (x86)\windows kits\10\include\10.0.10240.0\ucrt\string.h(453): note: see declaration of 'strtok'
c:\users\yejic\documents\visual studio 2015\projects\cpts122\cpt122_pa\pa1 analyzing fitbit data\pa1 analyzing fitbit data\function.c(36): warning C4996: 'strtok': This function or variable may be unsafe. Consider using strtok_s instead. To disable deprecation, use _CRT_SECURE_NO_WARNINGS. See online help for details.
  c:\program files (x86)\windows kits\10\include\10.0.10240.0\ucrt\string.h(453): note: see declaration of 'strtok'
c:\users\yejic\documents\visual studio 2015\projects\cpts122\cpt122_pa\pa1 analyzing fitbit data\pa1 analyzing fitbit data\function.c(37): warning C4996: 'strtok': This function or variable may be unsafe. Consider using strtok_s instead. To disable deprecation, use _CRT_SECURE_NO_WARNINGS. See online help for details.
  c:\program files (x86)\windows kits\10\include\10.0.10240.0\ucrt\string.h(453): note: see declaration of 'strtok'
c:\users\yejic\documents\visual studio 2015\projects\cpts122\cpt122_pa\pa1 analyzing fitbit data\pa1 analyzing fitbit data\function.c(76): warning C4244: 'return': conversion from 'double' to 'unsigned int', possible loss of data
c:\users\yejic\documents\visual studio 2015\projects\cpts122\cpt122_pa\pa1 analyzing fitbit data\pa1 analyzing fitbit data\function.c(86): warning C4244: 'return': conversion from 'double' to 'unsigned int', possible loss of data
c:\users\yejic\documents\visual studio 2015\projects\cpts122\cpt122_pa\pa1 analyzing fitbit data\pa1 analyzing fitbit data\function.c(95): warning C4047: '!=': 'unsigned int' differs in levels of indirection from 'void *'
c:\users\yejic\documents\visual studio 2015\projects\cpts122\cpt122_pa\pa1 analyzing fitbit data\pa1 analyzing fitbit data\function.c(142): warning C4996: 'strcpy': This function or variable may be unsafe. Consider using strcpy_s instead. To disable deprecation, use _CRT_SECURE_NO_WARNINGS. See online help for details.
  c:\program files (x86)\windows kits\10\include\10.0.10240.0\ucrt\string.h(119): note: see declaration of 'strcpy'
c:\users\yejic\documents\visual studio 2015\projects\cpts122\cpt122_pa\pa1 analyzing fitbit data\pa1 analyzing fitbit data\function.c(143): warning C4996: 'strcpy': This function or variable may be unsafe. Consider using strcpy_s instead. To disable deprecation, use _CRT_SECURE_NO_WARNINGS. See online help for details.
  c:\program files (x86)\windows kits\10\include\10.0.10240.0\ucrt\string.h(119): note: see declaration of 'strcpy'
  Generating Code...
  PA1 Analyzing Fitbit Data.vcxproj -> C:\Users\Yejic\Documents\Visual Studio 2015\Projects\CPTS122\CPT122_PA\PA1 Analyzing Fitbit Data\Debug\PA1 Analyzing Fitbit Data.exe
  PA1 Analyzing Fitbit Data.vcxproj -> C:\Users\Yejic\Documents\Visual Studio 2015\Projects\CPTS122\CPT122_PA\PA1 Analyzing Fitbit Data\Debug\PA1 Analyzing Fitbit Data.pdb (Full PDB)
