  main.c
c:\users\yejic\documents\visual studio 2015\projects\cpts122\cpt122_pa\pa2 digital music manager\pa2 digital music manager\main.c(86): warning C4013: 'gets' undefined; assuming extern returning int
c:\users\yejic\documents\visual studio 2015\projects\cpts122\cpt122_pa\pa2 digital music manager\pa2 digital music manager\main.c(15): warning C4047: 'initializing': 'char' differs in levels of indirection from 'void *'
c:\users\yejic\documents\visual studio 2015\projects\cpts122\cpt122_pa\pa2 digital music manager\pa2 digital music manager\main.c(28): warning C4996: 'scanf': This function or variable may be unsafe. Consider using scanf_s instead. To disable deprecation, use _CRT_SECURE_NO_WARNINGS. See online help for details.
  c:\program files (x86)\windows kits\10\include\10.0.10240.0\ucrt\stdio.h(1270): note: see declaration of 'scanf'
c:\users\yejic\documents\visual studio 2015\projects\cpts122\cpt122_pa\pa2 digital music manager\pa2 digital music manager\main.c(38): warning C4996: 'fopen': This function or variable may be unsafe. Consider using fopen_s instead. To disable deprecation, use _CRT_SECURE_NO_WARNINGS. See online help for details.
  c:\program files (x86)\windows kits\10\include\10.0.10240.0\ucrt\stdio.h(205): note: see declaration of 'fopen'
c:\users\yejic\documents\visual studio 2015\projects\cpts122\cpt122_pa\pa2 digital music manager\pa2 digital music manager\main.c(55): warning C4996: 'fopen': This function or variable may be unsafe. Consider using fopen_s instead. To disable deprecation, use _CRT_SECURE_NO_WARNINGS. See online help for details.
  c:\program files (x86)\windows kits\10\include\10.0.10240.0\ucrt\stdio.h(205): note: see declaration of 'fopen'
c:\users\yejic\documents\visual studio 2015\projects\cpts122\cpt122_pa\pa2 digital music manager\pa2 digital music manager\main.c(69): warning C4996: 'scanf': This function or variable may be unsafe. Consider using scanf_s instead. To disable deprecation, use _CRT_SECURE_NO_WARNINGS. See online help for details.
  c:\program files (x86)\windows kits\10\include\10.0.10240.0\ucrt\stdio.h(1270): note: see declaration of 'scanf'
c:\users\yejic\documents\visual studio 2015\projects\cpts122\cpt122_pa\pa2 digital music manager\pa2 digital music manager\main.c(158): warning C4996: 'scanf': This function or variable may be unsafe. Consider using scanf_s instead. To disable deprecation, use _CRT_SECURE_NO_WARNINGS. See online help for details.
  c:\program files (x86)\windows kits\10\include\10.0.10240.0\ucrt\stdio.h(1270): note: see declaration of 'scanf'
c:\users\yejic\documents\visual studio 2015\projects\cpts122\cpt122_pa\pa2 digital music manager\pa2 digital music manager\main.c(177): warning C4996: 'fopen': This function or variable may be unsafe. Consider using fopen_s instead. To disable deprecation, use _CRT_SECURE_NO_WARNINGS. See online help for details.
  c:\program files (x86)\windows kits\10\include\10.0.10240.0\ucrt\stdio.h(205): note: see declaration of 'fopen'
  function.c
c:\users\yejic\documents\visual studio 2015\projects\cpts122\cpt122_pa\pa2 digital music manager\pa2 digital music manager\function.c(26): warning C4996: 'strcpy': This function or variable may be unsafe. Consider using strcpy_s instead. To disable deprecation, use _CRT_SECURE_NO_WARNINGS. See online help for details.
  c:\program files (x86)\windows kits\10\include\10.0.10240.0\ucrt\string.h(119): note: see declaration of 'strcpy'
c:\users\yejic\documents\visual studio 2015\projects\cpts122\cpt122_pa\pa2 digital music manager\pa2 digital music manager\function.c(27): warning C4996: 'strcat': This function or variable may be unsafe. Consider using strcat_s instead. To disable deprecation, use _CRT_SECURE_NO_WARNINGS. See online help for details.
  c:\program files (x86)\windows kits\10\include\10.0.10240.0\ucrt\string.h(90): note: see declaration of 'strcat'
c:\users\yejic\documents\visual studio 2015\projects\cpts122\cpt122_pa\pa2 digital music manager\pa2 digital music manager\function.c(28): warning C4996: 'strcat': This function or variable may be unsafe. Consider using strcat_s instead. To disable deprecation, use _CRT_SECURE_NO_WARNINGS. See online help for details.
  c:\program files (x86)\windows kits\10\include\10.0.10240.0\ucrt\string.h(90): note: see declaration of 'strcat'
c:\users\yejic\documents\visual studio 2015\projects\cpts122\cpt122_pa\pa2 digital music manager\pa2 digital music manager\function.c(33): warning C4996: 'strcpy': This function or variable may be unsafe. Consider using strcpy_s instead. To disable deprecation, use _CRT_SECURE_NO_WARNINGS. See online help for details.
  c:\program files (x86)\windows kits\10\include\10.0.10240.0\ucrt\string.h(119): note: see declaration of 'strcpy'
c:\users\yejic\documents\visual studio 2015\projects\cpts122\cpt122_pa\pa2 digital music manager\pa2 digital music manager\function.c(35): warning C4996: 'strcpy': This function or variable may be unsafe. Consider using strcpy_s instead. To disable deprecation, use _CRT_SECURE_NO_WARNINGS. See online help for details.
  c:\program files (x86)\windows kits\10\include\10.0.10240.0\ucrt\string.h(119): note: see declaration of 'strcpy'
c:\users\yejic\documents\visual studio 2015\projects\cpts122\cpt122_pa\pa2 digital music manager\pa2 digital music manager\function.c(36): warning C4996: 'strcpy': This function or variable may be unsafe. Consider using strcpy_s instead. To disable deprecation, use _CRT_SECURE_NO_WARNINGS. See online help for details.
  c:\program files (x86)\windows kits\10\include\10.0.10240.0\ucrt\string.h(119): note: see declaration of 'strcpy'
c:\users\yejic\documents\visual studio 2015\projects\cpts122\cpt122_pa\pa2 digital music manager\pa2 digital music manager\function.c(37): warning C4996: 'strcpy': This function or variable may be unsafe. Consider using strcpy_s instead. To disable deprecation, use _CRT_SECURE_NO_WARNINGS. See online help for details.
  c:\program files (x86)\windows kits\10\include\10.0.10240.0\ucrt\string.h(119): note: see declaration of 'strcpy'
c:\users\yejic\documents\visual studio 2015\projects\cpts122\cpt122_pa\pa2 digital music manager\pa2 digital music manager\function.c(39): warning C4996: 'strcpy': This function or variable may be unsafe. Consider using strcpy_s instead. To disable deprecation, use _CRT_SECURE_NO_WARNINGS. See online help for details.
  c:\program files (x86)\windows kits\10\include\10.0.10240.0\ucrt\string.h(119): note: see declaration of 'strcpy'
c:\users\yejic\documents\visual studio 2015\projects\cpts122\cpt122_pa\pa2 digital music manager\pa2 digital music manager\function.c(41): warning C4996: 'strtok': This function or variable may be unsafe. Consider using strtok_s instead. To disable deprecation, use _CRT_SECURE_NO_WARNINGS. See online help for details.
  c:\program files (x86)\windows kits\10\include\10.0.10240.0\ucrt\string.h(453): note: see declaration of 'strtok'
c:\users\yejic\documents\visual studio 2015\projects\cpts122\cpt122_pa\pa2 digital music manager\pa2 digital music manager\function.c(42): warning C4996: 'strtok': This function or variable may be unsafe. Consider using strtok_s instead. To disable deprecation, use _CRT_SECURE_NO_WARNINGS. See online help for details.
  c:\program files (x86)\windows kits\10\include\10.0.10240.0\ucrt\string.h(453): note: see declaration of 'strtok'
c:\users\yejic\documents\visual studio 2015\projects\cpts122\cpt122_pa\pa2 digital music manager\pa2 digital music manager\function.c(44): warning C4996: 'strtok': This function or variable may be unsafe. Consider using strtok_s instead. To disable deprecation, use _CRT_SECURE_NO_WARNINGS. See online help for details.
  c:\program files (x86)\windows kits\10\include\10.0.10240.0\ucrt\string.h(453): note: see declaration of 'strtok'
c:\users\yejic\documents\visual studio 2015\projects\cpts122\cpt122_pa\pa2 digital music manager\pa2 digital music manager\function.c(45): warning C4996: 'strtok': This function or variable may be unsafe. Consider using strtok_s instead. To disable deprecation, use _CRT_SECURE_NO_WARNINGS. See online help for details.
  c:\program files (x86)\windows kits\10\include\10.0.10240.0\ucrt\string.h(453): note: see declaration of 'strtok'
c:\users\yejic\documents\visual studio 2015\projects\cpts122\cpt122_pa\pa2 digital music manager\pa2 digital music manager\function.c(141): warning C4996: 'scanf': This function or variable may be unsafe. Consider using scanf_s instead. To disable deprecation, use _CRT_SECURE_NO_WARNINGS. See online help for details.
  c:\program files (x86)\windows kits\10\include\10.0.10240.0\ucrt\stdio.h(1270): note: see declaration of 'scanf'
c:\users\yejic\documents\visual studio 2015\projects\cpts122\cpt122_pa\pa2 digital music manager\pa2 digital music manager\function.c(143): warning C4996: 'scanf': This function or variable may be unsafe. Consider using scanf_s instead. To disable deprecation, use _CRT_SECURE_NO_WARNINGS. See online help for details.
  c:\program files (x86)\windows kits\10\include\10.0.10240.0\ucrt\stdio.h(1270): note: see declaration of 'scanf'
c:\users\yejic\documents\visual studio 2015\projects\cpts122\cpt122_pa\pa2 digital music manager\pa2 digital music manager\function.c(145): warning C4996: 'scanf': This function or variable may be unsafe. Consider using scanf_s instead. To disable deprecation, use _CRT_SECURE_NO_WARNINGS. See online help for details.
  c:\program files (x86)\windows kits\10\include\10.0.10240.0\ucrt\stdio.h(1270): note: see declaration of 'scanf'
c:\users\yejic\documents\visual studio 2015\projects\cpts122\cpt122_pa\pa2 digital music manager\pa2 digital music manager\function.c(147): warning C4996: 'scanf': This function or variable may be unsafe. Consider using scanf_s instead. To disable deprecation, use _CRT_SECURE_NO_WARNINGS. See online help for details.
  c:\program files (x86)\windows kits\10\include\10.0.10240.0\ucrt\stdio.h(1270): note: see declaration of 'scanf'
c:\users\yejic\documents\visual studio 2015\projects\cpts122\cpt122_pa\pa2 digital music manager\pa2 digital music manager\function.c(149): warning C4996: 'scanf': This function or variable may be unsafe. Consider using scanf_s instead. To disable deprecation, use _CRT_SECURE_NO_WARNINGS. See online help for details.
  c:\program files (x86)\windows kits\10\include\10.0.10240.0\ucrt\stdio.h(1270): note: see declaration of 'scanf'
c:\users\yejic\documents\visual studio 2015\projects\cpts122\cpt122_pa\pa2 digital music manager\pa2 digital music manager\function.c(153): warning C4996: 'scanf': This function or variable may be unsafe. Consider using scanf_s instead. To disable deprecation, use _CRT_SECURE_NO_WARNINGS. See online help for details.
  c:\program files (x86)\windows kits\10\include\10.0.10240.0\ucrt\stdio.h(1270): note: see declaration of 'scanf'
c:\users\yejic\documents\visual studio 2015\projects\cpts122\cpt122_pa\pa2 digital music manager\pa2 digital music manager\function.c(242): warning C4013: 'gets' undefined; assuming extern returning int
c:\users\yejic\documents\visual studio 2015\projects\cpts122\cpt122_pa\pa2 digital music manager\pa2 digital music manager\function.c(201): warning C4047: 'initializing': 'char' differs in levels of indirection from 'void *'
c:\users\yejic\documents\visual studio 2015\projects\cpts122\cpt122_pa\pa2 digital music manager\pa2 digital music manager\function.c(211): warning C4996: 'scanf': This function or variable may be unsafe. Consider using scanf_s instead. To disable deprecation, use _CRT_SECURE_NO_WARNINGS. See online help for details.
  c:\program files (x86)\windows kits\10\include\10.0.10240.0\ucrt\stdio.h(1270): note: see declaration of 'scanf'
c:\users\yejic\documents\visual studio 2015\projects\cpts122\cpt122_pa\pa2 digital music manager\pa2 digital music manager\function.c(233): warning C4996: 'scanf': This function or variable may be unsafe. Consider using scanf_s instead. To disable deprecation, use _CRT_SECURE_NO_WARNINGS. See online help for details.
  c:\program files (x86)\windows kits\10\include\10.0.10240.0\ucrt\stdio.h(1270): note: see declaration of 'scanf'
c:\users\yejic\documents\visual studio 2015\projects\cpts122\cpt122_pa\pa2 digital music manager\pa2 digital music manager\function.c(243): warning C4996: 'strcpy': This function or variable may be unsafe. Consider using strcpy_s instead. To disable deprecation, use _CRT_SECURE_NO_WARNINGS. See online help for details.
  c:\program files (x86)\windows kits\10\include\10.0.10240.0\ucrt\string.h(119): note: see declaration of 'strcpy'
c:\users\yejic\documents\visual studio 2015\projects\cpts122\cpt122_pa\pa2 digital music manager\pa2 digital music manager\function.c(248): warning C4996: 'strcpy': This function or variable may be unsafe. Consider using strcpy_s instead. To disable deprecation, use _CRT_SECURE_NO_WARNINGS. See online help for details.
  c:\program files (x86)\windows kits\10\include\10.0.10240.0\ucrt\string.h(119): note: see declaration of 'strcpy'
c:\users\yejic\documents\visual studio 2015\projects\cpts122\cpt122_pa\pa2 digital music manager\pa2 digital music manager\function.c(253): warning C4996: 'strcpy': This function or variable may be unsafe. Consider using strcpy_s instead. To disable deprecation, use _CRT_SECURE_NO_WARNINGS. See online help for details.
  c:\program files (x86)\windows kits\10\include\10.0.10240.0\ucrt\string.h(119): note: see declaration of 'strcpy'
c:\users\yejic\documents\visual studio 2015\projects\cpts122\cpt122_pa\pa2 digital music manager\pa2 digital music manager\function.c(258): warning C4996: 'strcpy': This function or variable may be unsafe. Consider using strcpy_s instead. To disable deprecation, use _CRT_SECURE_NO_WARNINGS. See online help for details.
  c:\program files (x86)\windows kits\10\include\10.0.10240.0\ucrt\string.h(119): note: see declaration of 'strcpy'
c:\users\yejic\documents\visual studio 2015\projects\cpts122\cpt122_pa\pa2 digital music manager\pa2 digital music manager\function.c(262): warning C4996: 'scanf': This function or variable may be unsafe. Consider using scanf_s instead. To disable deprecation, use _CRT_SECURE_NO_WARNINGS. See online help for details.
  c:\program files (x86)\windows kits\10\include\10.0.10240.0\ucrt\stdio.h(1270): note: see declaration of 'scanf'
c:\users\yejic\documents\visual studio 2015\projects\cpts122\cpt122_pa\pa2 digital music manager\pa2 digital music manager\function.c(267): warning C4996: 'scanf': This function or variable may be unsafe. Consider using scanf_s instead. To disable deprecation, use _CRT_SECURE_NO_WARNINGS. See online help for details.
  c:\program files (x86)\windows kits\10\include\10.0.10240.0\ucrt\stdio.h(1270): note: see declaration of 'scanf'
c:\users\yejic\documents\visual studio 2015\projects\cpts122\cpt122_pa\pa2 digital music manager\pa2 digital music manager\function.c(272): warning C4996: 'scanf': This function or variable may be unsafe. Consider using scanf_s instead. To disable deprecation, use _CRT_SECURE_NO_WARNINGS. See online help for details.
  c:\program files (x86)\windows kits\10\include\10.0.10240.0\ucrt\stdio.h(1270): note: see declaration of 'scanf'
c:\users\yejic\documents\visual studio 2015\projects\cpts122\cpt122_pa\pa2 digital music manager\pa2 digital music manager\function.c(326): warning C4996: 'scanf': This function or variable may be unsafe. Consider using scanf_s instead. To disable deprecation, use _CRT_SECURE_NO_WARNINGS. See online help for details.
  c:\program files (x86)\windows kits\10\include\10.0.10240.0\ucrt\stdio.h(1270): note: see declaration of 'scanf'
c:\users\yejic\documents\visual studio 2015\projects\cpts122\cpt122_pa\pa2 digital music manager\pa2 digital music manager\function.c(348): warning C4996: 'scanf': This function or variable may be unsafe. Consider using scanf_s instead. To disable deprecation, use _CRT_SECURE_NO_WARNINGS. See online help for details.
  c:\program files (x86)\windows kits\10\include\10.0.10240.0\ucrt\stdio.h(1270): note: see declaration of 'scanf'
  Generating Code...
c:\users\yejic\documents\visual studio 2015\projects\cpts122\cpt122_pa\pa2 digital music manager\pa2 digital music manager\function.c(308): warning C4715: 'searching_song': not all control paths return a value
  PA2 Digital Music Manager.vcxproj -> C:\Users\Yejic\Documents\Visual Studio 2015\Projects\CPTS122\CPT122_PA\PA2 Digital Music Manager\Debug\PA2 Digital Music Manager.exe
  PA2 Digital Music Manager.vcxproj -> C:\Users\Yejic\Documents\Visual Studio 2015\Projects\CPTS122\CPT122_PA\PA2 Digital Music Manager\Debug\PA2 Digital Music Manager.pdb (Full PDB)
